<?xml version="1.0" encoding="UTF-8"?>
<!-- Generated by org.testng.reporters.JUnitReportReporter -->
<testsuite hostname="PAR2CND80961M2" name="com.autotrader.tests.HomePageTest" tests="1" failures="0" timestamp="9 Aug 2020 21:33:19 GMT" time="1.646" errors="0">
  <testcase name="login" time="1.646" classname="com.autotrader.tests.HomePageTest"/>
</testsuite> <!-- com.autotrader.tests.HomePageTest -->
